2025-05-05 14:33:08,174 INFO o.a.j.u.JMeterUtils: Setting Locale to en_EN
2025-05-05 14:33:08,214 INFO o.a.j.JMeter: Loading user properties from: user.properties
2025-05-05 14:33:08,215 INFO o.a.j.JMeter: Loading system properties from: system.properties
2025-05-05 14:33:08,235 INFO o.a.j.JMeter: Copyright (c) 1998-2024 The Apache Software Foundation
2025-05-05 14:33:08,235 INFO o.a.j.JMeter: Version 5.6.3
2025-05-05 14:33:08,235 INFO o.a.j.JMeter: java.version=21.0.5
2025-05-05 14:33:08,235 INFO o.a.j.JMeter: java.vm.name=Java HotSpot(TM) 64-Bit Server VM
2025-05-05 14:33:08,235 INFO o.a.j.JMeter: os.name=Windows 11
2025-05-05 14:33:08,235 INFO o.a.j.JMeter: os.arch=amd64
2025-05-05 14:33:08,235 INFO o.a.j.JMeter: os.version=10.0
2025-05-05 14:33:08,235 INFO o.a.j.JMeter: file.encoding=UTF-8
2025-05-05 14:33:08,236 INFO o.a.j.JMeter: java.awt.headless=null
2025-05-05 14:33:08,236 INFO o.a.j.JMeter: Max memory     =1073741824
2025-05-05 14:33:08,236 INFO o.a.j.JMeter: Available Processors =4
2025-05-05 14:33:08,255 INFO o.a.j.JMeter: Default Locale=English (EN)
2025-05-05 14:33:08,255 INFO o.a.j.JMeter: JMeter  Locale=English (EN)
2025-05-05 14:33:08,255 INFO o.a.j.JMeter: JMeterHome=C:\Users\PC\Downloads\jmeter\apache-jmeter-5.6.3
2025-05-05 14:33:08,256 INFO o.a.j.JMeter: user.dir  =C:\Users\PC\Downloads\jmeter\apache-jmeter-5.6.3\bin
2025-05-05 14:33:08,256 INFO o.a.j.JMeter: PWD       =C:\Users\PC\Downloads\jmeter\apache-jmeter-5.6.3\bin
2025-05-05 14:33:08,257 INFO o.a.j.JMeter: IP: 172.27.96.1 Name: DESKTOP-DH1O5F3 FullName: DESKTOP-DH1O5F3.mshome.net
2025-05-05 14:33:08,318 INFO o.a.j.JMeter: Loaded icon properties from org/apache/jmeter/images/icon.properties
2025-05-05 14:33:08,884 INFO o.a.j.JMeterGuiLauncher: Setting LAF to: laf:com.sun.java.swing.plaf.windows.WindowsLookAndFeel
2025-05-05 14:33:11,138 INFO o.a.j.r.ClassFinder: Will scan jar C:\Users\PC\Downloads\jmeter\apache-jmeter-5.6.3\lib\ext\jmeter-plugins-casutg-3.1.jar with filter ExtendsClassFilter [parents=[interface org.apache.jmeter.gui.action.Command], inner=false, contains=null, notContains=null]. Consider exposing JMeter plugins via META-INF/services, and add JMeter-Skip-Class-Scanning=true manifest attribute so JMeter can skip classfile scanning
2025-05-05 14:33:11,203 INFO o.a.j.r.ClassFinder: Will scan jar C:\Users\PC\Downloads\jmeter\apache-jmeter-5.6.3\lib\ext\jmeter-plugins-perfmon-2.1.jar with filter ExtendsClassFilter [parents=[interface org.apache.jmeter.gui.action.Command], inner=false, contains=null, notContains=null]. Consider exposing JMeter plugins via META-INF/services, and add JMeter-Skip-Class-Scanning=true manifest attribute so JMeter can skip classfile scanning
2025-05-05 14:33:11,226 INFO o.a.j.r.ClassFinder: Will scan jar C:\Users\PC\Downloads\jmeter\apache-jmeter-5.6.3\lib\ext\jmeter-plugins-manager-1.10.jar with filter ExtendsClassFilter [parents=[interface org.apache.jmeter.gui.action.Command], inner=false, contains=null, notContains=null]. Consider exposing JMeter plugins via META-INF/services, and add JMeter-Skip-Class-Scanning=true manifest attribute so JMeter can skip classfile scanning
2025-05-05 14:33:11,535 INFO o.a.j.r.ClassFinder: Will scan jar C:\Users\PC\Downloads\jmeter\apache-jmeter-5.6.3\lib\ext\jmeter-plugins-graphs-basic-2.0.jar with filter ExtendsClassFilter [parents=[interface org.apache.jmeter.gui.action.Command], inner=false, contains=null, notContains=null]. Consider exposing JMeter plugins via META-INF/services, and add JMeter-Skip-Class-Scanning=true manifest attribute so JMeter can skip classfile scanning
2025-05-05 14:33:11,540 INFO o.a.j.r.ClassFinder: Will scan jar C:\Users\PC\Downloads\jmeter\apache-jmeter-5.6.3\lib\ext\jmeter-plugins-graphs-additional-2.0.jar with filter ExtendsClassFilter [parents=[interface org.apache.jmeter.gui.action.Command], inner=false, contains=null, notContains=null]. Consider exposing JMeter plugins via META-INF/services, and add JMeter-Skip-Class-Scanning=true manifest attribute so JMeter can skip classfile scanning
2025-05-05 14:33:11,634 INFO o.a.j.r.ClassFinder: Will scan jar C:\Users\PC\Downloads\jmeter\apache-jmeter-5.6.3\lib\ext\jmeter-plugins-casutg-3.1.jar with filter ExtendsClassFilter [parents=[interface org.apache.jmeter.gui.plugin.MenuCreator], inner=false, contains=null, notContains=null]. Consider exposing JMeter plugins via META-INF/services, and add JMeter-Skip-Class-Scanning=true manifest attribute so JMeter can skip classfile scanning
2025-05-05 14:33:11,640 INFO o.a.j.r.ClassFinder: Will scan jar C:\Users\PC\Downloads\jmeter\apache-jmeter-5.6.3\lib\ext\jmeter-plugins-perfmon-2.1.jar with filter ExtendsClassFilter [parents=[interface org.apache.jmeter.gui.plugin.MenuCreator], inner=false, contains=null, notContains=null]. Consider exposing JMeter plugins via META-INF/services, and add JMeter-Skip-Class-Scanning=true manifest attribute so JMeter can skip classfile scanning
2025-05-05 14:33:11,644 INFO o.a.j.r.ClassFinder: Will scan jar C:\Users\PC\Downloads\jmeter\apache-jmeter-5.6.3\lib\ext\jmeter-plugins-manager-1.10.jar with filter ExtendsClassFilter [parents=[interface org.apache.jmeter.gui.plugin.MenuCreator], inner=false, contains=null, notContains=null]. Consider exposing JMeter plugins via META-INF/services, and add JMeter-Skip-Class-Scanning=true manifest attribute so JMeter can skip classfile scanning
2025-05-05 14:33:11,650 INFO o.a.j.r.ClassFinder: Will scan jar C:\Users\PC\Downloads\jmeter\apache-jmeter-5.6.3\lib\ext\jmeter-plugins-graphs-basic-2.0.jar with filter ExtendsClassFilter [parents=[interface org.apache.jmeter.gui.plugin.MenuCreator], inner=false, contains=null, notContains=null]. Consider exposing JMeter plugins via META-INF/services, and add JMeter-Skip-Class-Scanning=true manifest attribute so JMeter can skip classfile scanning
2025-05-05 14:33:11,651 INFO o.a.j.r.ClassFinder: Will scan jar C:\Users\PC\Downloads\jmeter\apache-jmeter-5.6.3\lib\ext\jmeter-plugins-graphs-additional-2.0.jar with filter ExtendsClassFilter [parents=[interface org.apache.jmeter.gui.plugin.MenuCreator], inner=false, contains=null, notContains=null]. Consider exposing JMeter plugins via META-INF/services, and add JMeter-Skip-Class-Scanning=true manifest attribute so JMeter can skip classfile scanning
2025-05-05 14:33:12,175 INFO o.j.r.JARSourceHTTP: Requesting https://jmeter-plugins.org/repo/?installID=windows_11-76a56a0f66983448c9c7d4f240b0e33c-gui
2025-05-05 14:33:17,425 INFO o.j.r.PluginManager: Plugins Status: [jpgc-graphs-basic=2.0, jpgc-graphs-additional=2.0, jpgc-casutg=3.1, jpgc-perfmon=2.1, jpgc-plugins-manager=1.10, jmeter-core=5.6.3, jmeter-ftp=5.6.3, jmeter-http=5.6.3, jmeter-jdbc=5.6.3, jmeter-jms=5.6.3, jmeter-junit=5.6.3, jmeter-java=5.6.3, jmeter-ldap=5.6.3, jmeter-mail=5.6.3, jmeter-mongodb=5.6.3, jmeter-native=5.6.3, jmeter-tcp=5.6.3, jmeter-components=5.6.3]
2025-05-05 14:33:23,744 INFO o.a.j.s.FileServer: Default base='C:\Users\PC\Downloads\jmeter\apache-jmeter-5.6.3\bin'
2025-05-05 14:33:23,749 INFO o.a.j.g.a.Load: Loading file: C:\Users\PC\Downloads\PetStore-Test-Plan-Add-All-Products.jmx
2025-05-05 14:33:23,749 INFO o.a.j.s.FileServer: Set new base='C:\Users\PC\Downloads'
2025-05-05 14:33:24,245 INFO o.a.j.s.SaveService: Testplan (JMX) version: 2.2. Testlog (JTL) version: 2.2
2025-05-05 14:33:24,261 INFO o.a.j.s.SaveService: Using SaveService properties version 5.0
2025-05-05 14:33:24,265 INFO o.a.j.s.SaveService: Using SaveService properties file encoding UTF-8
2025-05-05 14:33:24,272 INFO o.a.j.s.SaveService: Loading file: C:\Users\PC\Downloads\PetStore-Test-Plan-Add-All-Products.jmx
2025-05-05 14:33:24,595 INFO o.a.j.p.h.c.CookieManager: Settings: Delete null: true Check: true Allow variable: true Save: false Prefix: COOKIE_
2025-05-05 14:33:24,600 INFO o.a.j.p.h.c.CacheManager: Will only cache the following methods: [GET]
2025-05-05 14:33:24,626 INFO o.a.j.p.h.s.HTTPSamplerBase: Parser for text/html is org.apache.jmeter.protocol.http.parser.LagartoBasedHtmlParser
2025-05-05 14:33:24,626 INFO o.a.j.p.h.s.HTTPSamplerBase: Parser for application/xhtml+xml is org.apache.jmeter.protocol.http.parser.LagartoBasedHtmlParser
2025-05-05 14:33:24,626 INFO o.a.j.p.h.s.HTTPSamplerBase: Parser for application/xml is org.apache.jmeter.protocol.http.parser.LagartoBasedHtmlParser
2025-05-05 14:33:24,626 INFO o.a.j.p.h.s.HTTPSamplerBase: Parser for text/xml is org.apache.jmeter.protocol.http.parser.LagartoBasedHtmlParser
2025-05-05 14:33:24,626 INFO o.a.j.p.h.s.HTTPSamplerBase: Parser for text/vnd.wap.wml is org.apache.jmeter.protocol.http.parser.RegexpHTMLParser
2025-05-05 14:33:24,627 INFO o.a.j.p.h.s.HTTPSamplerBase: Parser for text/css is org.apache.jmeter.protocol.http.parser.CssParser
2025-05-05 14:33:25,047 INFO o.a.j.e.KeyToolUtils: keytool found at 'keytool'
2025-05-05 14:33:25,049 INFO o.a.j.p.h.p.ProxyControl: HTTP(S) Test Script Recorder SSL Proxy will use keys that support embedded 3rd party resources in file C:\Users\PC\Downloads\jmeter\apache-jmeter-5.6.3\bin\proxyserver.jks
2025-05-05 14:33:25,836 INFO o.a.j.s.SampleResult: Note: Sample TimeStamps are START times
2025-05-05 14:33:25,837 INFO o.a.j.s.SampleResult: sampleresult.default.encoding is set to UTF-8
2025-05-05 14:33:25,837 INFO o.a.j.s.SampleResult: sampleresult.useNanoTime=true
2025-05-05 14:33:25,837 INFO o.a.j.s.SampleResult: sampleresult.nanoThreadSleep=5000
2025-05-05 14:33:26,200 INFO o.a.j.r.ClassFinder: Will scan jar C:\Users\PC\Downloads\jmeter\apache-jmeter-5.6.3\lib\ext\jmeter-plugins-casutg-3.1.jar with filter ExtendsClassFilter [parents=[interface org.apache.jmeter.visualizers.ResultRenderer], inner=false, contains=null, notContains=null]. Consider exposing JMeter plugins via META-INF/services, and add JMeter-Skip-Class-Scanning=true manifest attribute so JMeter can skip classfile scanning
2025-05-05 14:33:26,206 INFO o.a.j.r.ClassFinder: Will scan jar C:\Users\PC\Downloads\jmeter\apache-jmeter-5.6.3\lib\ext\jmeter-plugins-perfmon-2.1.jar with filter ExtendsClassFilter [parents=[interface org.apache.jmeter.visualizers.ResultRenderer], inner=false, contains=null, notContains=null]. Consider exposing JMeter plugins via META-INF/services, and add JMeter-Skip-Class-Scanning=true manifest attribute so JMeter can skip classfile scanning
2025-05-05 14:33:26,211 INFO o.a.j.r.ClassFinder: Will scan jar C:\Users\PC\Downloads\jmeter\apache-jmeter-5.6.3\lib\ext\jmeter-plugins-manager-1.10.jar with filter ExtendsClassFilter [parents=[interface org.apache.jmeter.visualizers.ResultRenderer], inner=false, contains=null, notContains=null]. Consider exposing JMeter plugins via META-INF/services, and add JMeter-Skip-Class-Scanning=true manifest attribute so JMeter can skip classfile scanning
2025-05-05 14:33:26,214 INFO o.a.j.r.ClassFinder: Will scan jar C:\Users\PC\Downloads\jmeter\apache-jmeter-5.6.3\lib\ext\jmeter-plugins-graphs-basic-2.0.jar with filter ExtendsClassFilter [parents=[interface org.apache.jmeter.visualizers.ResultRenderer], inner=false, contains=null, notContains=null]. Consider exposing JMeter plugins via META-INF/services, and add JMeter-Skip-Class-Scanning=true manifest attribute so JMeter can skip classfile scanning
2025-05-05 14:33:26,214 INFO o.a.j.r.ClassFinder: Will scan jar C:\Users\PC\Downloads\jmeter\apache-jmeter-5.6.3\lib\ext\jmeter-plugins-graphs-additional-2.0.jar with filter ExtendsClassFilter [parents=[interface org.apache.jmeter.visualizers.ResultRenderer], inner=false, contains=null, notContains=null]. Consider exposing JMeter plugins via META-INF/services, and add JMeter-Skip-Class-Scanning=true manifest attribute so JMeter can skip classfile scanning
2025-05-05 14:33:26,246 INFO o.a.j.r.ClassFinder: Will scan jar C:\Users\PC\Downloads\jmeter\apache-jmeter-5.6.3\lib\ext\jmeter-plugins-casutg-3.1.jar with filter ExtendsClassFilter [parents=[interface org.apache.jmeter.visualizers.RequestView], inner=false, contains=null, notContains=null]. Consider exposing JMeter plugins via META-INF/services, and add JMeter-Skip-Class-Scanning=true manifest attribute so JMeter can skip classfile scanning
2025-05-05 14:33:26,253 INFO o.a.j.r.ClassFinder: Will scan jar C:\Users\PC\Downloads\jmeter\apache-jmeter-5.6.3\lib\ext\jmeter-plugins-perfmon-2.1.jar with filter ExtendsClassFilter [parents=[interface org.apache.jmeter.visualizers.RequestView], inner=false, contains=null, notContains=null]. Consider exposing JMeter plugins via META-INF/services, and add JMeter-Skip-Class-Scanning=true manifest attribute so JMeter can skip classfile scanning
2025-05-05 14:33:26,257 INFO o.a.j.r.ClassFinder: Will scan jar C:\Users\PC\Downloads\jmeter\apache-jmeter-5.6.3\lib\ext\jmeter-plugins-manager-1.10.jar with filter ExtendsClassFilter [parents=[interface org.apache.jmeter.visualizers.RequestView], inner=false, contains=null, notContains=null]. Consider exposing JMeter plugins via META-INF/services, and add JMeter-Skip-Class-Scanning=true manifest attribute so JMeter can skip classfile scanning
2025-05-05 14:33:26,261 INFO o.a.j.r.ClassFinder: Will scan jar C:\Users\PC\Downloads\jmeter\apache-jmeter-5.6.3\lib\ext\jmeter-plugins-graphs-basic-2.0.jar with filter ExtendsClassFilter [parents=[interface org.apache.jmeter.visualizers.RequestView], inner=false, contains=null, notContains=null]. Consider exposing JMeter plugins via META-INF/services, and add JMeter-Skip-Class-Scanning=true manifest attribute so JMeter can skip classfile scanning
2025-05-05 14:33:26,262 INFO o.a.j.r.ClassFinder: Will scan jar C:\Users\PC\Downloads\jmeter\apache-jmeter-5.6.3\lib\ext\jmeter-plugins-graphs-additional-2.0.jar with filter ExtendsClassFilter [parents=[interface org.apache.jmeter.visualizers.RequestView], inner=false, contains=null, notContains=null]. Consider exposing JMeter plugins via META-INF/services, and add JMeter-Skip-Class-Scanning=true manifest attribute so JMeter can skip classfile scanning
2025-05-05 14:33:26,439 INFO o.a.j.s.FileServer: Set new base='C:\Users\PC\Downloads'
2025-05-05 14:33:48,995 INFO o.a.j.e.StandardJMeterEngine: Running the test!
2025-05-05 14:33:49,002 INFO o.a.j.s.SampleEvent: List of sample_variables: []
2025-05-05 14:33:49,002 INFO o.a.j.s.SampleEvent: List of sample_variables: []
2025-05-05 14:33:49,004 INFO o.a.j.e.u.CompoundVariable: Note: Function class names must contain the string: '.functions.'
2025-05-05 14:33:49,004 INFO o.a.j.e.u.CompoundVariable: Note: Function class names must not contain the string: '.gui.'
2025-05-05 14:33:49,135 INFO o.a.j.r.ClassFinder: Will scan jar C:\Users\PC\Downloads\jmeter\apache-jmeter-5.6.3\lib\ext\jmeter-plugins-casutg-3.1.jar with filter ExtendsClassFilter [parents=[interface org.apache.jmeter.functions.Function], inner=false, contains=null, notContains=null]. Consider exposing JMeter plugins via META-INF/services, and add JMeter-Skip-Class-Scanning=true manifest attribute so JMeter can skip classfile scanning
2025-05-05 14:33:49,140 INFO o.a.j.r.ClassFinder: Will scan jar C:\Users\PC\Downloads\jmeter\apache-jmeter-5.6.3\lib\ext\jmeter-plugins-perfmon-2.1.jar with filter ExtendsClassFilter [parents=[interface org.apache.jmeter.functions.Function], inner=false, contains=null, notContains=null]. Consider exposing JMeter plugins via META-INF/services, and add JMeter-Skip-Class-Scanning=true manifest attribute so JMeter can skip classfile scanning
2025-05-05 14:33:49,142 INFO o.a.j.r.ClassFinder: Will scan jar C:\Users\PC\Downloads\jmeter\apache-jmeter-5.6.3\lib\ext\jmeter-plugins-manager-1.10.jar with filter ExtendsClassFilter [parents=[interface org.apache.jmeter.functions.Function], inner=false, contains=null, notContains=null]. Consider exposing JMeter plugins via META-INF/services, and add JMeter-Skip-Class-Scanning=true manifest attribute so JMeter can skip classfile scanning
2025-05-05 14:33:49,146 INFO o.a.j.r.ClassFinder: Will scan jar C:\Users\PC\Downloads\jmeter\apache-jmeter-5.6.3\lib\ext\jmeter-plugins-graphs-basic-2.0.jar with filter ExtendsClassFilter [parents=[interface org.apache.jmeter.functions.Function], inner=false, contains=null, notContains=null]. Consider exposing JMeter plugins via META-INF/services, and add JMeter-Skip-Class-Scanning=true manifest attribute so JMeter can skip classfile scanning
2025-05-05 14:33:49,147 INFO o.a.j.r.ClassFinder: Will scan jar C:\Users\PC\Downloads\jmeter\apache-jmeter-5.6.3\lib\ext\jmeter-plugins-graphs-additional-2.0.jar with filter ExtendsClassFilter [parents=[interface org.apache.jmeter.functions.Function], inner=false, contains=null, notContains=null]. Consider exposing JMeter plugins via META-INF/services, and add JMeter-Skip-Class-Scanning=true manifest attribute so JMeter can skip classfile scanning
2025-05-05 14:33:49,169 INFO o.a.j.g.u.JMeterMenuBar: setRunning(true, *local*)
2025-05-05 14:33:49,254 INFO o.a.j.e.StandardJMeterEngine: Starting ThreadGroup: 1 : Thread Group
2025-05-05 14:33:49,256 INFO o.a.j.e.StandardJMeterEngine: Starting 1 threads for group Thread Group.
2025-05-05 14:33:49,256 INFO o.a.j.e.StandardJMeterEngine: Thread will continue on error
2025-05-05 14:33:49,256 INFO o.a.j.t.ThreadGroup: Starting thread group... number=1 threads=1 ramp-up=1 delayedStart=false
2025-05-05 14:33:49,270 INFO o.a.j.t.ThreadGroup: Started thread group number 1
2025-05-05 14:33:49,271 INFO o.a.j.e.StandardJMeterEngine: All thread groups have been started
2025-05-05 14:33:49,286 INFO o.a.j.t.JMeterThread: Thread started: Thread Group 1-1
2025-05-05 14:33:49,295 INFO o.a.j.s.FileServer: Stored: C:/Users/PC/Desktop/userdetails.csv
2025-05-05 14:33:49,319 INFO o.a.j.s.FileServer: Stored: C:/Users/PC/Desktop/products.csv
2025-05-05 14:33:49,341 INFO o.a.j.p.h.s.HTTPHCAbstractImpl: Local host = DESKTOP-DH1O5F3
2025-05-05 14:33:49,356 INFO o.a.j.p.h.s.HTTPHC4Impl: HTTP request retry count = 0
2025-05-05 14:33:49,470 INFO o.a.j.p.h.s.h.LazyLayeredConnectionSocketFactory: Setting up HTTPS TrustAll Socket Factory
2025-05-05 14:33:49,473 INFO o.a.j.u.JsseSSLManager: Using default SSL protocol: TLS
2025-05-05 14:33:49,473 INFO o.a.j.u.JsseSSLManager: SSL session context: per-thread
2025-05-05 14:33:49,670 INFO o.a.j.u.SSLManager: JmeterKeyStore Location:  type JKS
2025-05-05 14:33:49,672 INFO o.a.j.u.SSLManager: KeyStore created OK
2025-05-05 14:33:49,672 WARN o.a.j.u.SSLManager: Keystore file not found, loading empty keystore
2025-05-05 14:33:57,220 WARN o.a.j.p.h.s.HTTPSamplerBase: Existing CookieManager HTTP Cookie Manager superseded by HTTP Cookie Manager
2025-05-05 14:34:03,308 WARN o.a.j.p.h.s.HTTPSamplerBase: Existing CookieManager HTTP Cookie Manager superseded by HTTP Cookie Manager
2025-05-05 14:34:04,263 INFO o.a.j.t.JMeterThread: Thread is done: Thread Group 1-1
2025-05-05 14:34:04,264 INFO o.a.j.t.JMeterThread: Thread finished: Thread Group 1-1
2025-05-05 14:34:04,266 INFO o.a.j.e.StandardJMeterEngine: Notifying test listeners of end of test
2025-05-05 14:34:04,266 INFO o.a.j.s.FileServer: Close: C:/Users/PC/Desktop/userdetails.csv
2025-05-05 14:34:04,268 INFO o.a.j.s.FileServer: Close: C:/Users/PC/Desktop/products.csv
2025-05-05 14:34:04,268 INFO o.a.j.g.u.JMeterMenuBar: setRunning(false, *local*)
